<?xml version="1.0" encoding="UTF-8"?>
<testng-results ignored="0" total="2" passed="2" failed="0" skipped="0">
  <reporter-output>
  </reporter-output>
  <suite started-at="2023-07-11T10:07:51 CDT" name="Default suite" finished-at="2023-07-11T10:08:08 CDT" duration-ms="17977">
    <groups>
      <group name="cucumber">
        <method signature="AbstractTestNGCucumberTests.runScenario(io.cucumber.testng.PickleWrapper,io.cucumber.testng.FeatureWrapper)[pri:0, instance:team.ninja.ds.algo.test.runner.TestRunner@682b2fa]" name="runScenario" class="io.cucumber.testng.AbstractTestNGCucumberTests"/>
      </group> <!-- cucumber -->
    </groups>
    <test started-at="2023-07-11T10:07:51 CDT" name="Default test" finished-at="2023-07-11T10:08:08 CDT" duration-ms="17977">
      <class name="team.ninja.ds.algo.test.runner.TestRunner">
        <test-method is-config="true" signature="setUpClass(org.testng.ITestContext)[pri:0, instance:team.ninja.ds.algo.test.runner.TestRunner@682b2fa]" started-at="2023-07-11T10:07:51 CDT" name="setUpClass" finished-at="2023-07-11T10:07:59 CDT" duration-ms="8281" status="PASS">
          <params>
            <param index="0">
              <value>
                <![CDATA[org.testng.TestRunner@3ef7fb04]]>
              </value>
            </param>
          </params>
          <reporter-output>
          </reporter-output>
        </test-method> <!-- setUpClass -->
        <test-method signature="runScenario(io.cucumber.testng.PickleWrapper,io.cucumber.testng.FeatureWrapper)[pri:0, instance:team.ninja.ds.algo.test.runner.TestRunner@682b2fa]" started-at="2023-07-11T10:07:59 CDT" name="runScenario" description="Runs Cucumber Scenarios" data-provider="scenarios" finished-at="2023-07-11T10:08:04 CDT" duration-ms="5061" status="PASS">
          <params>
            <param index="0">
              <value>
                <![CDATA["User should be able to test run valid code in tryEditor"]]>
              </value>
            </param>
            <param index="1">
              <value>
                <![CDATA["Optional[Graph page validation]"]]>
              </value>
            </param>
          </params>
          <reporter-output>
          </reporter-output>
        </test-method> <!-- runScenario -->
        <test-method signature="runScenario(io.cucumber.testng.PickleWrapper,io.cucumber.testng.FeatureWrapper)[pri:0, instance:team.ninja.ds.algo.test.runner.TestRunner@682b2fa]" started-at="2023-07-11T10:08:04 CDT" name="runScenario" description="Runs Cucumber Scenarios" data-provider="scenarios" finished-at="2023-07-11T10:08:05 CDT" duration-ms="901" status="PASS">
          <params>
            <param index="0">
              <value>
                <![CDATA["User should be able to test run valid code in tryEditor"]]>
              </value>
            </param>
            <param index="1">
              <value>
                <![CDATA["Optional[Graph page validation]"]]>
              </value>
            </param>
          </params>
          <reporter-output>
          </reporter-output>
        </test-method> <!-- runScenario -->
        <test-method is-config="true" signature="tearDownClass()[pri:0, instance:team.ninja.ds.algo.test.runner.TestRunner@682b2fa]" started-at="2023-07-11T10:08:05 CDT" name="tearDownClass" finished-at="2023-07-11T10:08:08 CDT" duration-ms="3666" status="PASS">
          <reporter-output>
          </reporter-output>
        </test-method> <!-- tearDownClass -->
      </class> <!-- team.ninja.ds.algo.test.runner.TestRunner -->
    </test> <!-- Default test -->
  </suite> <!-- Default suite -->
</testng-results>
